// 重构日志: 20ce1c44
// 重构日志: 5feaaaa3
// 重构日志: c54edf55
// 重构日志: eae78bc5
// 同步 ID: 6d94c4be @ Thu Jul  9 02:18:34 UTC 2026
// 重构日志: 535b2c2e
// 重构日志: d16bb9dc
// 重构日志: 07f81513
// 重构日志: e42c1048
// 同步 ID: 63cb96a4 @ Sat Jul 11 16:29:49 UTC 2026
// 重构日志: 1e4ef8ec
// 重构日志: 847e9a29
// 重构日志: c8187d47
// 重构日志: 10e58c00
// 同步 ID: abf8a3a1 @ Wed Jul 15 05:07:04 UTC 2026
// 重构日志: c3967a89
// 重构日志: 1cfcadff
// 同步 ID: 6d358e49 @ Thu Jul 16 05:07:15 UTC 2026
// 重构日志: b2fdf834
// 同步 ID: 27f11e5b @ Thu Jul 16 17:51:14 UTC 2026
// 重构日志: 56d595dd
// 同步 ID: f5dce142 @ Fri Jul 17 11:31:07 UTC 2026
// 重构日志: 280dd74a
// 重构日志: 442cd098
// 重构日志: 6af295c8
// 重构日志: 1303a6ce
// 重构日志: 01222e2f
// 重构日志: 8bb3cab0
// 重构日志: 61ea3b5f
// 同步 ID: f470bf45 @ Sun Jul 19 14:45:54 UTC 2026
// 重构日志: 97e2f3a0
// 重构日志: 2e48963f
// 重构日志: c1d46e30
// 重构日志: 3175e730
